<?xml version="1.0" encoding="UTF-8"?>
<testng-results ignored="0" total="1" passed="1" failed="0" skipped="0">
  <reporter-output>
  </reporter-output>
  <suite started-at="2026-02-16T22:00:25 IST" name="Default suite" finished-at="2026-02-16T22:00:32 IST" duration-ms="7476">
    <groups>
    </groups>
    <test started-at="2026-02-16T22:00:25 IST" name="Default test" finished-at="2026-02-16T22:00:32 IST" duration-ms="7476">
      <class name="tests.GoogleTest">
        <test-method is-config="true" signature="setup()[pri:0, instance:tests.GoogleTest@47eaca72]" started-at="2026-02-16T22:00:25 IST" name="setup" finished-at="2026-02-16T22:00:28 IST" duration-ms="2885" status="PASS">
          <reporter-output>
          </reporter-output>
        </test-method> <!-- setup -->
        <test-method signature="searchTest()[pri:0, instance:tests.GoogleTest@47eaca72]" started-at="2026-02-16T22:00:28 IST" name="searchTest" finished-at="2026-02-16T22:00:32 IST" duration-ms="4161" status="PASS">
          <reporter-output>
          </reporter-output>
        </test-method> <!-- searchTest -->
        <test-method is-config="true" signature="tearDown()[pri:0, instance:tests.GoogleTest@47eaca72]" started-at="2026-02-16T22:00:32 IST" name="tearDown" finished-at="2026-02-16T22:00:32 IST" duration-ms="336" status="PASS">
          <reporter-output>
          </reporter-output>
        </test-method> <!-- tearDown -->
      </class> <!-- tests.GoogleTest -->
    </test> <!-- Default test -->
  </suite> <!-- Default suite -->
</testng-results>
